2025-06-11 14:58:25,041 - physics_features - INFO - logging_system:118 - ============================================================
2025-06-11 14:58:25,041 - physics_features - INFO - logging_system:119 - PHYSICS FEATURES SESSION STARTED - 20250611_145825
2025-06-11 14:58:25,041 - physics_features - INFO - logging_system:120 - ============================================================
2025-06-11 14:58:25,042 - physics_features - INFO - logging_system:129 - Session configuration saved to: /Users/ali/Desktop/Deep Fake Detection Project/deepfake-detection/scripts/output/session_config_20250611_145825.json
2025-06-11 14:58:25,042 - physics_features - INFO - logging_system:145 - Python executable: /Users/ali/Desktop/Deep Fake Detection Project/Deepfake-Detection-Voice-Authentication-Framework/venv/bin/python3
2025-06-11 14:58:25,042 - physics_features - INFO - logging_system:146 - Working directory: /Users/ali/Desktop/Deep Fake Detection Project/deepfake-detection
2025-06-11 14:58:25,042 - physics_features - INFO - logging_system:147 - Device configuration: cpu
2025-06-11 14:58:25,042 - physics_features - INFO - logging_system:149 - Audio sample rate: 16000
2025-06-11 14:58:25,042 - physics_features - INFO - logging_system:151 - Physics window: 100ms
2025-06-11 15:01:17,053 - physics_features - INFO - logging_system:196 - Creating physics analysis plots...
2025-06-11 15:01:17,989 - physics_features - INFO - logging_system:254 - Physics analysis plots saved to: /Users/ali/Desktop/Deep Fake Detection Project/deepfake-detection/scripts/plots/physics_analysis
2025-06-11 15:01:17,989 - physics_features - INFO - logging_system:365 - Creating feature analysis summary...
2025-06-11 15:01:17,991 - physics_features - INFO - logging_system:425 - Feature summary saved to: /Users/ali/Desktop/Deep Fake Detection Project/deepfake-detection/scripts/output/feature_summaries/feature_summary_20250611_145825.json
2025-06-11 15:01:17,991 - physics_features - INFO - logging_system:500 - ============================================================
2025-06-11 15:01:17,991 - physics_features - INFO - logging_system:501 - PHYSICS FEATURES SESSION COMPLETED
2025-06-11 15:01:17,991 - physics_features - INFO - logging_system:502 - ============================================================
2025-06-11 15:01:17,991 - physics_features - INFO - logging_system:505 - total: 100
2025-06-11 15:01:17,991 - physics_features - INFO - logging_system:505 - processed: 100
2025-06-11 15:01:17,991 - physics_features - INFO - logging_system:505 - successful: 100
2025-06-11 15:01:17,991 - physics_features - INFO - logging_system:505 - failed: 0
2025-06-11 15:01:17,991 - physics_features - INFO - logging_system:505 - elapsed_time: 171.4925730228424
2025-06-11 15:01:17,991 - physics_features - INFO - logging_system:505 - avg_time_per_file: 1.714925730228424
2025-06-11 15:01:17,991 - physics_features - INFO - logging_system:505 - success_rate: 100.0
2025-06-11 15:01:17,991 - physics_features - INFO - logging_system:505 - total_results: 100
2025-06-11 15:01:17,991 - physics_features - INFO - logging_system:505 - output_file: /Users/ali/Desktop/Deep Fake Detection Project/deepfake-detection/results/physics_features_summary.csv
2025-06-11 15:01:17,991 - physics_features - INFO - logging_system:505 - session_duration_minutes: 2.8824938694636026
2025-06-11 15:01:17,991 - physics_features - INFO - logging_system:516 - Session completed - ID: 20250611_145825
